<?xml version="1.0" encoding="UTF-8"?>
<!-- Generated by org.testng.reporters.JUnitXMLReporter -->
<testsuite ignored="0" hostname="DESKTOP-498N2OQ" failures="0" tests="4" name="Surefire test" time="39.65" errors="0" timestamp="2023-12-07T21:41:48 IST">
  <testcase classname="org.test.TestClass" name="login" time="15.075"/>
  <testcase classname="org.test.TestClass" name="selectCake" time="20.418"/>
  <testcase classname="org.test.TestClass" name="deliveryDetails" time="3.927"/>
  <testcase classname="org.test.TestClass" name="orderSummary" time="0.146"/>
</testsuite> <!-- Surefire test -->
