<?xml version="1.0" encoding="UTF-8"?>
<!-- Generated by org.testng.reporters.JUnitXMLReporter -->
<testsuite ignored="0" hostname="DESKTOP-498N2OQ" failures="0" tests="4" name="Default test" time="44.188" errors="0" timestamp="2023-12-07T18:34:17 IST">
  <testcase classname="org.test.TestClass" name="login" time="13.766"/>
  <testcase classname="org.test.TestClass" name="selectCake" time="19.347"/>
  <testcase classname="org.test.TestClass" name="deliveryDetails" time="10.974"/>
  <testcase classname="org.test.TestClass" name="orderSummary" time="0.029"/>
</testsuite> <!-- Default test -->
