<?xml version="1.0" encoding="UTF-8"?>
<!-- Generated by org.testng.reporters.JUnitXMLReporter -->
<testsuite ignored="0" hostname="DESKTOP-498N2OQ" failures="0" tests="4" name="Test" time="4.935" errors="0" timestamp="2023-12-07T18:45:23 IST">
  <testcase classname="org.test.TestClass" name="login" time="4.717"/>
  <testcase classname="org.test.TestClass" name="selectCake" time="0.087"/>
  <testcase classname="org.test.TestClass" name="deliveryDetails" time="0.035"/>
  <testcase classname="org.test.TestClass" name="orderSummary" time="0.019"/>
</testsuite> <!-- Test -->
