<?xml version="1.0" encoding="UTF-8"?>
<testng-results ignored="0" total="4" passed="4" failed="0" skipped="0">
  <reporter-output>
  </reporter-output>
  <suite started-at="2023-12-07T21:41:08 IST" name="Surefire suite" finished-at="2023-12-07T21:41:48 IST" duration-ms="39650">
    <groups>
    </groups>
    <test started-at="2023-12-07T21:41:08 IST" name="Surefire test" finished-at="2023-12-07T21:41:48 IST" duration-ms="39650">
      <class name="org.test.TestClass">
        <test-method signature="login()[pri:0, instance:org.test.TestClass@6a2f6f80]" started-at="2023-12-07T21:41:08 IST" name="login" finished-at="2023-12-07T21:41:24 IST" duration-ms="15075" status="PASS">
          <reporter-output>
          </reporter-output>
        </test-method> <!-- login -->
        <test-method signature="selectCake()[pri:1, instance:org.test.TestClass@6a2f6f80]" started-at="2023-12-07T21:41:24 IST" name="selectCake" finished-at="2023-12-07T21:41:44 IST" duration-ms="20418" status="PASS">
          <reporter-output>
          </reporter-output>
        </test-method> <!-- selectCake -->
        <test-method signature="deliveryDetails()[pri:2, instance:org.test.TestClass@6a2f6f80]" started-at="2023-12-07T21:41:44 IST" name="deliveryDetails" finished-at="2023-12-07T21:41:48 IST" duration-ms="3927" status="PASS">
          <reporter-output>
          </reporter-output>
        </test-method> <!-- deliveryDetails -->
        <test-method signature="orderSummary()[pri:3, instance:org.test.TestClass@6a2f6f80]" started-at="2023-12-07T21:41:48 IST" name="orderSummary" finished-at="2023-12-07T21:41:48 IST" duration-ms="146" status="PASS">
          <reporter-output>
          </reporter-output>
        </test-method> <!-- orderSummary -->
      </class> <!-- org.test.TestClass -->
    </test> <!-- Surefire test -->
  </suite> <!-- Surefire suite -->
</testng-results>
