<?xml version="1.0" encoding="UTF-8"?>
<testng-results ignored="0" total="4" passed="4" failed="0" skipped="0">
  <reporter-output>
  </reporter-output>
  <suite started-at="2023-12-07T18:45:18 IST" name="Suite" finished-at="2023-12-07T18:45:23 IST" duration-ms="4935">
    <groups>
    </groups>
    <test started-at="2023-12-07T18:45:18 IST" name="Test" finished-at="2023-12-07T18:45:23 IST" duration-ms="4935">
      <class name="org.test.TestClass">
        <test-method signature="login()[pri:0, instance:org.test.TestClass@6253c26]" started-at="2023-12-07T18:45:18 IST" name="login" finished-at="2023-12-07T18:45:23 IST" duration-ms="4717" status="PASS">
          <reporter-output>
          </reporter-output>
        </test-method> <!-- login -->
        <test-method signature="selectCake()[pri:1, instance:org.test.TestClass@6253c26]" started-at="2023-12-07T18:45:23 IST" name="selectCake" finished-at="2023-12-07T18:45:23 IST" duration-ms="87" status="PASS">
          <reporter-output>
          </reporter-output>
        </test-method> <!-- selectCake -->
        <test-method signature="deliveryDetails()[pri:2, instance:org.test.TestClass@6253c26]" started-at="2023-12-07T18:45:23 IST" name="deliveryDetails" finished-at="2023-12-07T18:45:23 IST" duration-ms="35" status="PASS">
          <reporter-output>
          </reporter-output>
        </test-method> <!-- deliveryDetails -->
        <test-method signature="orderSummary()[pri:3, instance:org.test.TestClass@6253c26]" started-at="2023-12-07T18:45:23 IST" name="orderSummary" finished-at="2023-12-07T18:45:23 IST" duration-ms="19" status="PASS">
          <reporter-output>
          </reporter-output>
        </test-method> <!-- orderSummary -->
      </class> <!-- org.test.TestClass -->
    </test> <!-- Test -->
  </suite> <!-- Suite -->
</testng-results>
